#
# A fatal error has been detected by the Java Runtime Environment:
#
#  EXCEPTION_ACCESS_VIOLATION (0xc0000005) at pc=0x0000000069044439, pid=8100, tid=9152
#
# JRE version: Java(TM) SE Runtime Environment (7.0_80-b15) (build 1.7.0_80-b15)
# Java VM: Java HotSpot(TM) 64-Bit Server VM (24.80-b11 mixed mode windows-amd64 compressed oops)
# Problematic frame:
# V  [jvm.dll+0x54439]
#
# Failed to write core dump. Minidumps are not enabled by default on client versions of Windows
#
# If you would like to submit a bug report, please visit:
#   http://bugreport.java.com/bugreport/crash.jsp
#

---------------  T H R E A D  ---------------

Current thread (0x000000000bb93000):  JavaThread "JDWP Transport Listener: dt_socket" daemon [_thread_in_vm, id=9152, stack(0x000000000c290000,0x000000000c390000)]

siginfo: ExceptionCode=0xc0000005, reading address 0x000000000000000c

Registers:
RAX=0x000000000000000c, RBX=0x000000000bb93000, RCX=0x0000000000000003, RDX=0x0000000000000000
RSP=0x000000000c38f080, RBP=0x000000000000000c, RSI=0x0000000000000000, RDI=0x0000000000000010
R8 =0x00000007d74e7cd8, R9 =0x0000000000000000, R10=0x0000000000000000, R11=0x0000000000000001
R12=0x0000000000000000, R13=0x000000000bb85c28, R14=0x0000000000000000, R15=0x0000000000000000
RIP=0x0000000069044439, EFLAGS=0x0000000000010246

Top of Stack: (sp=0x000000000c38f080)
0x000000000c38f080:   000000000bb93000 0000000000000000
0x000000000c38f090:   0000000000000000 000000000bb93000
0x000000000c38f0a0:   0000000000000000 000000006910dad7
0x000000000c38f0b0:   00000007d74e7cd8 000000000c38f1d0
0x000000000c38f0c0:   000000000bb9cf08 000000000c38f1a0
0x000000000c38f0d0:   000000000bb93000 0000000000000000
0x000000000c38f0e0:   000000000bb9cf08 000000000c38f1d0
0x000000000c38f0f0:   0000000000000000 000000000bb85c28
0x000000000c38f100:   0000000000000000 000000006b677d15
0x000000000c38f110:   000000000c38f1a0 000000000c38f1d0
0x000000000c38f120:   000000000bb9cf08 000000000bb931e8
0x000000000c38f130:   000000000bf7ee0a 000000006b67f090
0x000000000c38f140:   000000000b010a01 000000000c38f240
0x000000000c38f150:   000000000bb85801 000000000bf7e720
0x000000000c38f160:   000024d300000013 000000000b010a00
0x000000000c38f170:   00000000020e9700 00000000691c1f8d 

Instructions: (pc=0x0000000069044439)
0x0000000069044419:   d2 48 8b c5 eb 18 48 8b d0 48 8b c5 48 d3 e2 48
0x0000000069044429:   03 15 81 64 6a 00 eb 06 48 8b 12 48 8b c7 48 98
0x0000000069044439:   8b 14 10 85 d2 74 2a 45 84 db 4c 63 c6 48 0f 45
0x0000000069044449:   fd 8d 47 0b 48 63 c8 48 83 e1 f8 48 c1 e9 03 8d 


Register to memory mapping:

RAX=0x000000000000000c is an unknown value
RBX=0x000000000bb93000 is a thread
RCX=0x0000000000000003 is an unknown value
RDX=0x0000000000000000 is an unknown value
RSP=0x000000000c38f080 is pointing into the stack for thread: 0x000000000bb93000
RBP=0x000000000000000c is an unknown value
RSI=0x0000000000000000 is an unknown value
RDI=0x0000000000000010 is an unknown value
R8 =0x00000007d74e7cd8 is an oop
java.lang.String 
 - klass: 'java/lang/String'
R9 =0x0000000000000000 is an unknown value
R10=0x0000000000000000 is an unknown value
R11=0x0000000000000001 is an unknown value
R12=0x0000000000000000 is an unknown value
R13=0x000000000bb85c28 is an unknown value
R14=0x0000000000000000 is an unknown value
R15=0x0000000000000000 is an unknown value


Stack: [0x000000000c290000,0x000000000c390000],  sp=0x000000000c38f080,  free space=1020k
Native frames: (J=compiled Java code, j=interpreted, Vv=VM code, C=native code)
V  [jvm.dll+0x54439]


---------------  P R O C E S S  ---------------

Java Threads: ( => current thread )
  0x000000000bbb3000 JavaThread "Service Thread" daemon [_thread_blocked, id=10028, stack(0x000000000ce20000,0x000000000cf20000)]
  0x000000000bbae800 JavaThread "C2 CompilerThread1" daemon [_thread_blocked, id=9124, stack(0x000000000ccc0000,0x000000000cdc0000)]
  0x000000000bbad000 JavaThread "C2 CompilerThread0" daemon [_thread_blocked, id=5840, stack(0x000000000ca70000,0x000000000cb70000)]
  0x000000000bb9c000 JavaThread "JDWP Command Reader" daemon [_thread_in_native, id=8800, stack(0x000000000c970000,0x000000000ca70000)]
  0x000000000bb9b000 JavaThread "JDWP Event Helper Thread" daemon [_thread_blocked, id=9148, stack(0x000000000c5d0000,0x000000000c6d0000)]
=>0x000000000bb93000 JavaThread "JDWP Transport Listener: dt_socket" daemon [_thread_in_vm, id=9152, stack(0x000000000c290000,0x000000000c390000)]
  0x000000000bb89000 JavaThread "Attach Listener" daemon [_thread_blocked, id=7848, stack(0x000000000bfb0000,0x000000000c0b0000)]
  0x000000000bb84800 JavaThread "Signal Dispatcher" daemon [_thread_blocked, id=4376, stack(0x000000000c100000,0x000000000c200000)]
  0x000000000a91f800 JavaThread "Finalizer" daemon [_thread_blocked, id=2344, stack(0x000000000ba80000,0x000000000bb80000)]
  0x000000000a918800 JavaThread "Reference Handler" daemon [_thread_blocked, id=9236, stack(0x000000000b970000,0x000000000ba70000)]
  0x00000000020db000 JavaThread "main" [_thread_blocked, id=8180, stack(0x00000000024f0000,0x00000000025f0000)]

Other Threads:
  0x000000000a915800 VMThread [stack: 0x000000000b7b0000,0x000000000b8b0000] [id=5212]
  0x000000000bbfa800 WatcherThread [stack: 0x000000000cff0000,0x000000000d0f0000] [id=6668]

VM state:not at safepoint (normal execution)

VM Mutex/Monitor currently owned by a thread: None

Heap
 PSYoungGen      total 37376K, used 7113K [0x00000007d6e00000, 0x00000007d9780000, 0x0000000800000000)
  eden space 32256K, 22% used [0x00000007d6e00000,0x00000007d74f2798,0x00000007d8d80000)
  from space 5120K, 0% used [0x00000007d9280000,0x00000007d9280000,0x00000007d9780000)
  to   space 5120K, 0% used [0x00000007d8d80000,0x00000007d8d80000,0x00000007d9280000)
 ParOldGen       total 83968K, used 0K [0x0000000784a00000, 0x0000000789c00000, 0x00000007d6e00000)
  object space 83968K, 0% used [0x0000000784a00000,0x0000000784a00000,0x0000000789c00000)
 PSPermGen       total 21504K, used 5055K [0x000000077f800000, 0x0000000780d00000, 0x0000000784a00000)
  object space 21504K, 23% used [0x000000077f800000,0x000000077fcefd20,0x0000000780d00000)

Card table byte_map: [0x00000000055f0000,0x0000000005a00000] byte_map_base: 0x00000000019f4000

Polling page: 0x0000000000190000

Code Cache  [0x00000000025f0000, 0x0000000002860000, 0x00000000055f0000)
 total_blobs=256 nmethods=45 adapters=172 free_code_cache=48663Kb largest_free_block=49804800

Compilation events (10 events):
Event: 0.227 Thread 0x000000000bbae800 nmethod 41 0x0000000002663250 code [0x00000000026633a0, 0x0000000002663578]
Event: 0.227 Thread 0x000000000bbae800   42             java.lang.String::toUpperCase (439 bytes)
Event: 0.229 Thread 0x000000000bbad000 nmethod 38 0x0000000002667050 code [0x00000000026671e0, 0x00000000026683d8]
Event: 0.234 Thread 0x000000000bbad000   43             java.lang.Character::toUpperCaseEx (30 bytes)
Event: 0.235 Thread 0x000000000bbad000 nmethod 43 0x0000000002666d10 code [0x0000000002666e40, 0x0000000002666f18]
Event: 0.235 Thread 0x000000000bbad000   44             java.lang.CharacterDataLatin1::toUpperCaseEx (71 bytes)
Event: 0.235 Thread 0x000000000bbad000 nmethod 44 0x000000000266b190 code [0x000000000266b2c0, 0x000000000266b3b8]
Event: 0.239 Thread 0x000000000bbae800 nmethod 42 0x000000000266f150 code [0x000000000266f300, 0x0000000002670068]
Event: 0.242 Thread 0x000000000bbad000   45             java.lang.Math::min (11 bytes)
Event: 0.242 Thread 0x000000000bbad000 nmethod 45 0x0000000002665490 code [0x00000000026655c0, 0x0000000002665618]

GC Heap History (0 events):
No events

Deoptimization events (5 events):
Event: 0.118 Thread 0x00000000020db000 Uncommon trap: reason=unstable_if action=reinterpret pc=0x0000000002651d34 method=java.io.Win32FileSystem.normalize(Ljava/lang/String;)Ljava/lang/String; @ 104
Event: 0.120 Thread 0x00000000020db000 Uncommon trap: reason=unstable_if action=reinterpret pc=0x000000000264eb04 method=java.lang.String.hashCode()I @ 14
Event: 0.132 Thread 0x00000000020db000 Uncommon trap: reason=unstable_if action=reinterpret pc=0x00000000026539e0 method=java.lang.String.indexOf([CII[CIII)I @ 3
Event: 0.198 Thread 0x00000000020db000 Uncommon trap: reason=unstable_if action=reinterpret pc=0x0000000002662714 method=java.lang.String.toLowerCase(Ljava/util/Locale;)Ljava/lang/String; @ 85
Event: 0.199 Thread 0x00000000020db000 Uncommon trap: reason=unstable_if action=reinterpret pc=0x0000000002660548 method=sun.nio.cs.UTF_8$Encoder.encode([CII[B)I @ 33

Internal exceptions (6 events):
Event: 0.022 Thread 0x00000000020db000 Threw 0x00000007d6e0f698 at C:\re\jdk7u80\2329\hotspot\src\share\vm\prims\jni.cpp:3991
Event: 0.115 Thread 0x00000000020db000 Threw 0x00000007d6f71a08 at C:\re\jdk7u80\2329\hotspot\src\share\vm\prims\jvm.cpp:1319
Event: 0.185 Thread 0x00000000020db000 Threw 0x00000007d71beb98 at C:\re\jdk7u80\2329\hotspot\src\share\vm\prims\jvm.cpp:1319
Event: 0.185 Thread 0x00000000020db000 Threw 0x00000007d71becc0 at C:\re\jdk7u80\2329\hotspot\src\share\vm\prims\jvm.cpp:1319
Event: 0.257 Thread 0x00000000020db000 Threw 0x00000007d74e1c30 at C:\re\jdk7u80\2329\hotspot\src\share\vm\prims\jni.cpp:717
Event: 0.257 Thread 0x00000000020db000 Threw 0x00000007d74e2068 at C:\re\jdk7u80\2329\hotspot\src\share\vm\prims\jvm.cpp:1319

Events (10 events):
Event: 0.258 loading class 0x0000000002135d90
Event: 0.258 loading class 0x0000000002136000
Event: 0.258 loading class 0x0000000002136000 done
Event: 0.258 loading class 0x0000000002135d90 done
Event: 0.259 loading class 0x000000000bbd4ca0
Event: 0.259 loading class 0x000000000bbd4ca0 done
Event: 0.326 Executing VM operation: GetOrSetLocal
Event: 0.326 Executing VM operation: GetOrSetLocal done
Event: 4.216 Executing VM operation: EnableBiasedLocking
Event: 4.216 Executing VM operation: EnableBiasedLocking done


Dynamic libraries:
0x000000013f9b0000 - 0x000000013f9e3000 	D:\Program Files\Java\jdk1.7.0_80\bin\javaw.exe
0x0000000076ff0000 - 0x000000007719a000 	C:\Windows\SYSTEM32\ntdll.dll
0x0000000076d90000 - 0x0000000076eaf000 	C:\Windows\system32\kernel32.dll
0x000007fefcb40000 - 0x000007fefcbaa000 	C:\Windows\system32\KERNELBASE.dll
0x000007fefd2a0000 - 0x000007fefd37b000 	C:\Windows\system32\ADVAPI32.dll
0x000007fefdad0000 - 0x000007fefdb6f000 	C:\Windows\system32\msvcrt.dll
0x000007fefdd00000 - 0x000007fefdd1f000 	C:\Windows\SYSTEM32\sechost.dll
0x000007fefd380000 - 0x000007fefd4ad000 	C:\Windows\system32\RPCRT4.dll
0x0000000076c90000 - 0x0000000076d8a000 	C:\Windows\system32\USER32.dll
0x000007fefe100000 - 0x000007fefe167000 	C:\Windows\system32\GDI32.dll
0x000007fefe170000 - 0x000007fefe17e000 	C:\Windows\system32\LPK.dll
0x000007fefd050000 - 0x000007fefd11a000 	C:\Windows\system32\USP10.dll
0x000007fefb2d0000 - 0x000007fefb4c4000 	C:\Windows\WinSxS\amd64_microsoft.windows.common-controls_6595b64144ccf1df_6.0.7601.18837_none_fa3b1e3d17594757\COMCTL32.dll
0x000007fefd7d0000 - 0x000007fefd841000 	C:\Windows\system32\SHLWAPI.dll
0x000007fefd120000 - 0x000007fefd14e000 	C:\Windows\system32\IMM32.DLL
0x000007fefef10000 - 0x000007feff019000 	C:\Windows\system32\MSCTF.dll
0x000000006b430000 - 0x000000006b502000 	D:\Program Files\Java\jdk1.7.0_80\jre\bin\msvcr100.dll
0x0000000068ff0000 - 0x00000000697c9000 	D:\Program Files\Java\jdk1.7.0_80\jre\bin\server\jvm.dll
0x000007fefb7f0000 - 0x000007fefb7f9000 	C:\Windows\system32\WSOCK32.dll
0x000007fefd4b0000 - 0x000007fefd4fd000 	C:\Windows\system32\WS2_32.dll
0x000007fefd290000 - 0x000007fefd298000 	C:\Windows\system32\NSI.dll
0x000007fefcf10000 - 0x000007fefcf4b000 	C:\Windows\system32\WINMM.dll
0x00000000771b0000 - 0x00000000771b7000 	C:\Windows\system32\PSAPI.DLL
0x000000006e640000 - 0x000000006e64f000 	D:\Program Files\Java\jdk1.7.0_80\jre\bin\verify.dll
0x000000006e610000 - 0x000000006e638000 	D:\Program Files\Java\jdk1.7.0_80\jre\bin\java.dll
0x000000006b670000 - 0x000000006b6a5000 	D:\Program Files\Java\jdk1.7.0_80\jre\bin\jdwp.dll
0x000000006d000000 - 0x000000006d008000 	D:\Program Files\Java\jdk1.7.0_80\jre\bin\npt.dll
0x000000006e5f0000 - 0x000000006e606000 	D:\Program Files\Java\jdk1.7.0_80\jre\bin\zip.dll
0x000000006e3e0000 - 0x000000006e3e9000 	D:\Program Files\Java\jdk1.7.0_80\jre\bin\dt_socket.dll
0x000007fefb1b0000 - 0x000007fefb1c5000 	C:\Windows\system32\NLAapi.dll
0x000007fef58d0000 - 0x000007fef58e5000 	C:\Windows\system32\napinsp.dll
0x000007fef58b0000 - 0x000007fef58c9000 	C:\Windows\system32\pnrpnsp.dll
0x000007fefc290000 - 0x000007fefc2e5000 	C:\Windows\System32\mswsock.dll
0x000007fefc110000 - 0x000007fefc16b000 	C:\Windows\system32\DNSAPI.dll
0x000007fef6b80000 - 0x000007fef6b8b000 	C:\Windows\System32\winrnr.dll
0x000007fefaf80000 - 0x000007fefafa7000 	C:\Windows\system32\IPHLPAPI.DLL
0x000007fefaf60000 - 0x000007fefaf6b000 	C:\Windows\system32\WINNSI.DLL
0x000007fefa710000 - 0x000007fefa763000 	C:\Windows\System32\fwpuclnt.dll
0x000007fef8700000 - 0x000007fef8708000 	C:\Windows\system32\rasadhlp.dll
0x000007fefbcb0000 - 0x000007fefbcb7000 	C:\Windows\System32\wshtcpip.dll
0x000000006ee70000 - 0x000000006ee94000 	D:\Program Files\Java\jdk1.7.0_80\jre\bin\sunec.dll
0x000000006ca60000 - 0x000000006ca6b000 	D:\Program Files\Java\jdk1.7.0_80\jre\bin\sunmscapi.dll
0x000007fefcc80000 - 0x000007fefcded000 	C:\Windows\system32\CRYPT32.dll
0x000007fefcaf0000 - 0x000007fefcaff000 	C:\Windows\system32\MSASN1.dll
0x000000006e5d0000 - 0x000000006e5ea000 	D:\Program Files\Java\jdk1.7.0_80\jre\bin\net.dll
0x000007fefc280000 - 0x000007fefc287000 	C:\Windows\System32\wship6.dll
0x000007feecbd0000 - 0x000007feeccf5000 	C:\Windows\system32\dbghelp.dll

VM Arguments:
jvm_args: -agentlib:jdwp=transport=dt_socket,suspend=y,address=localhost:49756 -Dfile.encoding=UTF-8 
java_command: com.youlb.utils.common.DES3
Launcher Type: SUN_STANDARD

Environment Variables:
JAVA_HOME=D:\Program Files\Java\jdk1.7.0_80
PATH=D:\Program Files\Java\jdk1.7.0_80\jre\bin;D:/Program Files/Java/jdk1.7.0_80/bin/../jre/bin/server;D:/Program Files/Java/jdk1.7.0_80/bin/../jre/bin;D:/Program Files/Java/jdk1.7.0_80/bin/../jre/lib/amd64;D:\Program Files\Java\jdk1.7.0_80\bin;C:\Windows\system32;C:\Windows;C:\Windows\System32\Wbem;E:\pengjingyu\tools\v5\apache-maven-3.0.4\bin;C:\Windows\System32\WindowsPowerShell\v1.0\;D:\Program Files\TortoiseSVN\bin;C:\Program Files\TortoiseGit\bin;D:\Python\Python35-32;C:\Program Files (x86)\MySQL\MySQL Server 5.5\bin;E:\pengjingyu\eclipse;
USERNAME=Administrator
OS=Windows_NT
PROCESSOR_IDENTIFIER=Intel64 Family 6 Model 60 Stepping 3, GenuineIntel



---------------  S Y S T E M  ---------------

OS: Windows 7 , 64 bit Build 7601 Service Pack 1

CPU:total 4 (4 cores per cpu, 1 threads per core) family 6 model 60 stepping 3, cmov, cx8, fxsr, mmx, sse, sse2, sse3, ssse3, sse4.1, sse4.2, popcnt, avx, avx2, aes, erms, tsc, tscinvbit

Memory: 4k page, physical 8080908k(2309876k free), swap 16159956k(9082664k free)

vm_info: Java HotSpot(TM) 64-Bit Server VM (24.80-b11) for windows-amd64 JRE (1.7.0_80-b15), built on Apr 10 2015 11:26:34 by "java_re" with unknown MS VC++:1600

time: Wed Nov 02 15:01:40 2016
elapsed time: 5 seconds

